(Pdb) self.classifier['gender'].show_most_informative_features(60)
Most Informative Features
                courtesy = 1                   M : F      =     46.9 : 1.0
               francisco = 1                   M : F      =     28.4 : 1.0
               sentiment = 1                   M : F      =     23.6 : 1.0
                      ny = 1                   M : F      =     20.2 : 1.0
                      np = 1                   F : M      =     17.8 : 1.0
                semantic = 1                   M : F      =     17.5 : 1.0
              processing = 1                   M : F      =     17.5 : 1.0
                  weekly = 1                   F : M      =     16.2 : 1.0
              soundtrack = 1                   F : M      =     15.9 : 1.0
                  iemand = 1                   M : F      =     15.4 : 1.0
                      ca = 1                   M : F      =     15.0 : 1.0
                 startup = 1                   M : F      =     14.6 : 1.0
                       ! = 7                   F : M      =     13.3 : 1.0
                  travel = 1                   F : M      =     13.3 : 1.0
                 insider = 1                   M : F      =     12.0 : 1.0
               analytics = 1                   M : F      =     11.3 : 1.0
                     tbt = 1                   F : M      =     10.7 : 1.0
             photography = 1                   F : M      =     10.7 : 1.0
                     api = 1                   M : F      =     10.6 : 1.0
                    data = 2                   M : F      =     10.6 : 1.0
                   finna = 1                   F : M      =     10.1 : 1.0
                  quoted = 1                   M : F      =      9.9 : 1.0
                    leuk = 1                   F : M      =      9.5 : 1.0
                       ! = 6                   F : M      =      9.4 : 1.0
               wrestling = 1                   F : M      =      9.4 : 1.0
                  cancer = 1                   F : M      =      9.4 : 1.0
                  corpus = 1                   M : F      =      9.2 : 1.0
                      eu = 1                   M : F      =      9.2 : 1.0
                  torino = 1                   M : F      =      9.2 : 1.0
                     nlp = 1                   M : F      =      8.6 : 1.0
                    apps = 1                   M : F      =      8.6 : 1.0
                    lrec = 1                   M : F      =      8.4 : 1.0
                   fotos = 1                   F : M      =      8.4 : 1.0
                      se = 1                   M : F      =      8.3 : 1.0
                thoughts = 1                   F : M      =      8.1 : 1.0
                    shut = 1                   F : M      =      8.1 : 1.0
              unfollowed = 1                   F : M      =      8.1 : 1.0
              initiative = 1                   F : M      =      8.1 : 1.0
                  nature = 1                   M : F      =      7.9 : 1.0
                      hr = 1                   M : F      =      7.9 : 1.0
                 predict = 1                   M : F      =      7.9 : 1.0
                    dick = 1                   M : F      =      7.9 : 1.0
                     add = 1                   M : F      =      7.6 : 1.0
                   daddy = 1                   F : M      =      7.5 : 1.0
                   soooo = 1                   F : M      =      7.5 : 1.0
                photoset = 1                   F : M      =      7.5 : 1.0
                 actions = 1                   F : M      =      7.5 : 1.0
                 victims = 1                   F : M      =      7.5 : 1.0
                    foto = 1                   F : M      =      7.5 : 1.0
                  hungry = 1                   F : M      =      7.2 : 1.0
                 opinion = 1                   M : F      =      7.2 : 1.0
                  posted = 1                   M : F      =      7.2 : 1.0
                 regular = 1                   M : F      =      7.2 : 1.0
                  ghosts = 1                   M : F      =      7.2 : 1.0
                analysis = 1                   M : F      =      7.2 : 1.0
                    data = 1                   M : F      =      7.1 : 1.0
                     tht = 1                   F : M      =      6.8 : 1.0
                    wrap = 1                   F : M      =      6.8 : 1.0
                  shazam = 1                   F : M      =      6.8 : 1.0
                    jack = 1                   F : M      =      6.8 : 1.0


